<?xml version="1.0" encoding="UTF-8"?>
<!-- Generated by org.testng.reporters.JUnitReportReporter -->
<testsuite hostname="TINDTHTOIXL0216" name="com.newspointapp.bengoliUpdatedNewsCheck" tests="1" failures="0" timestamp="23 Mar 2017 02:45:37 GMT" time="130.263" errors="0">
  <testcase name="bengoliNewsCheck" time="130.263" classname="com.newspointapp.bengoliUpdatedNewsCheck"/>
</testsuite> <!-- com.newspointapp.bengoliUpdatedNewsCheck -->
