<?xml version="1.0" encoding="UTF-8"?>
<!-- Generated by org.testng.reporters.JUnitReportReporter -->
<testsuite hostname="TINDTHTOIXL0216" name="com.newspointapp.gujratiUpdatedNewsCheck" tests="1" failures="0" timestamp="20 Mar 2017 12:35:52 GMT" time="357.049" errors="0">
  <testcase name="gujraatiNewsCheck" time="357.049" classname="com.newspointapp.gujratiUpdatedNewsCheck"/>
</testsuite> <!-- com.newspointapp.gujratiUpdatedNewsCheck -->
