<?xml version="1.0" encoding="UTF-8"?>
<!-- Generated by org.testng.reporters.JUnitReportReporter -->
<testsuite hostname="TINDTHTOIXL0216" name="com.newspointapp.urduUpdatedNewsCheck" tests="1" failures="0" timestamp="23 Mar 2017 02:14:17 GMT" time="139.507" errors="0">
  <testcase name="bengoliNewsCheck" time="139.507" classname="com.newspointapp.urduUpdatedNewsCheck"/>
</testsuite> <!-- com.newspointapp.urduUpdatedNewsCheck -->
