<?xml version="1.0" encoding="UTF-8"?>
<!-- Generated by org.testng.reporters.JUnitReportReporter -->
<testsuite hostname="TINDTHTOIXL0216" name="com.newspointapp.hindiUpdatedNewsCheck" tests="1" failures="0" timestamp="20 Mar 2017 09:44:10 GMT" time="150.696" errors="0">
  <testcase name="hindiNewsCheck" time="150.696" classname="com.newspointapp.hindiUpdatedNewsCheck"/>
</testsuite> <!-- com.newspointapp.hindiUpdatedNewsCheck -->
