<?xml version="1.0" encoding="UTF-8"?>
<!-- Generated by org.testng.reporters.JUnitReportReporter -->
<testsuite hostname="TINDTHTOIXL0216" name="com.newspointapp.maraathiLangCheck" tests="1" failures="0" timestamp="23 Mar 2017 02:41:24 GMT" time="58.332" errors="0">
  <testcase name="langMarathiCheck" time="58.332" classname="com.newspointapp.maraathiLangCheck"/>
</testsuite> <!-- com.newspointapp.maraathiLangCheck -->
