<?xml version="1.0" encoding="UTF-8"?>
<!-- Generated by org.testng.reporters.JUnitReportReporter -->
<testsuite hostname="TINDTHTOIXL0216" name="com.newspointapp.langPublication" tests="1" failures="0" timestamp="21 Mar 2017 11:15:27 GMT" time="40.165" errors="0">
  <testcase name="checkforlangPublication" time="40.165" classname="com.newspointapp.langPublication"/>
</testsuite> <!-- com.newspointapp.langPublication -->
