<?xml version="1.0" encoding="UTF-8"?>
<!-- Generated by org.testng.reporters.JUnitReportReporter -->
<testsuite hostname="TINDTHTOIXL0216" name="com.newspointapp.sourceCaptionPagination" tests="1" failures="0" timestamp="16 Mar 2017 09:21:56 GMT" time="99.486" errors="0">
  <testcase name="getSourceCaption" time="99.486" classname="com.newspointapp.sourceCaptionPagination"/>
</testsuite> <!-- com.newspointapp.sourceCaptionPagination -->
