<?xml version="1.0" encoding="UTF-8"?>
<!-- Generated by org.testng.reporters.JUnitReportReporter -->
<testsuite hostname="TINDTHTOIXL0216" name="com.newspointapp.verticalSwipeScreen" tests="1" failures="0" timestamp="21 Mar 2017 02:34:30 GMT" time="154.541" errors="0">
  <testcase name="screenPaginationCall" time="154.541" classname="com.newspointapp.verticalSwipeScreen"/>
</testsuite> <!-- com.newspointapp.verticalSwipeScreen -->
