<?xml version="1.0" encoding="UTF-8"?>
<!-- Generated by org.testng.reporters.JUnitReportReporter -->
<testsuite hostname="TINDTHTOIXL0216" name="com.newspointapp.punjabiUpdatedNewsCheck" tests="1" failures="0" timestamp="22 Mar 2017 10:39:00 GMT" time="33.103" errors="0">
  <testcase name="checkforpunjabiNews" time="33.103" classname="com.newspointapp.punjabiUpdatedNewsCheck"/>
</testsuite> <!-- com.newspointapp.punjabiUpdatedNewsCheck -->
