<?xml version="1.0" encoding="UTF-8"?>
<!-- Generated by org.testng.reporters.JUnitReportReporter -->
<testsuite hostname="TINDTHTOIXL0216" name="com.newspointapp.tamilUpdatedNewsCheck" tests="1" failures="0" timestamp="20 Mar 2017 10:19:20 GMT" time="113.140" errors="0">
  <testcase name="hindiNewsCheck" time="113.140" classname="com.newspointapp.tamilUpdatedNewsCheck"/>
</testsuite> <!-- com.newspointapp.tamilUpdatedNewsCheck -->
