<?xml version="1.0" encoding="UTF-8"?>
<!-- Generated by org.testng.reporters.JUnitReportReporter -->
<testsuite hostname="TINDTHTOIXL0216" name="com.newspointapp.EmailAttachmentSender" tests="1" failures="0" timestamp="21 Mar 2017 02:38:08 GMT" time="6.144" errors="0">
  <testcase name="sentEmail" time="6.144" classname="com.newspointapp.EmailAttachmentSender"/>
</testsuite> <!-- com.newspointapp.EmailAttachmentSender -->
