<?xml version="1.0" encoding="UTF-8"?>
<!-- Generated by org.testng.reporters.JUnitReportReporter -->
<testsuite hostname="TINDTHTOIXL0216" name="com.newspointapp.sourceCaptionDetails" tests="1" failures="0" timestamp="20 Mar 2017 10:19:20 GMT" time="82.951" errors="0">
  <testcase name="getSourceCaption" time="82.951" classname="com.newspointapp.sourceCaptionDetails"/>
</testsuite> <!-- com.newspointapp.sourceCaptionDetails -->
